{"D:\\React\\config\\fileMocks.js": {"path":"D:\\React\\config\\fileMocks.js","statementMap":{"0":{"start":{"line":1,"column":0},"end":{"line":1,"column":39}}},"fnMap":{},"branchMap":{},"s":{"0":8},"f":{},"b":{},"_coverageSchema":"43e27e138ebf9cfc5966b082cf9a028302ed4184","hash":"b7303993588bde9d1455ea43cfe79b1bb1564e8f"}
,"D:\\React\\config\\styleMocks.js": {"path":"D:\\React\\config\\styleMocks.js","statementMap":{"0":{"start":{"line":1,"column":0},"end":{"line":1,"column":20}}},"fnMap":{},"branchMap":{},"s":{"0":19},"f":{},"b":{},"_coverageSchema":"43e27e138ebf9cfc5966b082cf9a028302ed4184","hash":"275979e2c9a4434ffeb11ef5dc620cb90522e861"}
,"D:\\React\\src\\components\\app\\app.jsx": {"path":"D:\\React\\src\\components\\app\\app.jsx","statementMap":{"0":{"start":{"line":9,"column":12},"end":{"line":19,"column":1}},"1":{"start":{"line":10,"column":4},"end":{"line":18,"column":21}}},"fnMap":{"0":{"name":"(anonymous_0)","decl":{"start":{"line":9,"column":12},"end":{"line":9,"column":13}},"loc":{"start":{"line":10,"column":4},"end":{"line":18,"column":21}},"line":10}},"branchMap":{},"s":{"0":1,"1":5},"f":{"0":5},"b":{},"_coverageSchema":"43e27e138ebf9cfc5966b082cf9a028302ed4184","hash":"bb0d3174b0612b33c648229ebddd00fe78f402a8"}
,"D:\\React\\src\\components\\errorBoundary\\errorBoundary.jsx": {"path":"D:\\React\\src\\components\\errorBoundary\\errorBoundary.jsx","statementMap":{"0":{"start":{"line":11,"column":8},"end":{"line":11,"column":21}},"1":{"start":{"line":12,"column":8},"end":{"line":12,"column":41}},"2":{"start":{"line":16,"column":8},"end":{"line":18,"column":11}},"3":{"start":{"line":22,"column":8},"end":{"line":28,"column":9}},"4":{"start":{"line":23,"column":12},"end":{"line":27,"column":14}},"5":{"start":{"line":29,"column":8},"end":{"line":29,"column":35}}},"fnMap":{"0":{"name":"(anonymous_0)","decl":{"start":{"line":10,"column":4},"end":{"line":10,"column":5}},"loc":{"start":{"line":10,"column":24},"end":{"line":13,"column":5}},"line":10},"1":{"name":"(anonymous_1)","decl":{"start":{"line":15,"column":4},"end":{"line":15,"column":5}},"loc":{"start":{"line":15,"column":34},"end":{"line":19,"column":5}},"line":15},"2":{"name":"(anonymous_2)","decl":{"start":{"line":21,"column":4},"end":{"line":21,"column":5}},"loc":{"start":{"line":21,"column":14},"end":{"line":30,"column":5}},"line":21}},"branchMap":{"0":{"loc":{"start":{"line":22,"column":8},"end":{"line":28,"column":9}},"type":"if","locations":[{"start":{"line":22,"column":8},"end":{"line":28,"column":9}},{"start":{"line":22,"column":8},"end":{"line":28,"column":9}}],"line":22}},"s":{"0":6,"1":6,"2":1,"3":7,"4":1,"5":6},"f":{"0":6,"1":1,"2":7},"b":{"0":[1,6]},"_coverageSchema":"43e27e138ebf9cfc5966b082cf9a028302ed4184","hash":"ca066d8e3392147a17e47ab6def11b782d7a1912"}
,"D:\\React\\src\\components\\infoPanel\\infoPanel.jsx": {"path":"D:\\React\\src\\components\\infoPanel\\infoPanel.jsx","statementMap":{"0":{"start":{"line":7,"column":18},"end":{"line":14,"column":1}},"1":{"start":{"line":18,"column":8},"end":{"line":18,"column":21}},"2":{"start":{"line":19,"column":8},"end":{"line":19,"column":24}},"3":{"start":{"line":23,"column":8},"end":{"line":30,"column":10}}},"fnMap":{"0":{"name":"(anonymous_0)","decl":{"start":{"line":17,"column":4},"end":{"line":17,"column":5}},"loc":{"start":{"line":17,"column":24},"end":{"line":20,"column":5}},"line":17},"1":{"name":"(anonymous_1)","decl":{"start":{"line":22,"column":4},"end":{"line":22,"column":5}},"loc":{"start":{"line":22,"column":14},"end":{"line":31,"column":5}},"line":22}},"branchMap":{},"s":{"0":3,"1":12,"2":12,"3":12},"f":{"0":12,"1":12},"b":{},"_coverageSchema":"43e27e138ebf9cfc5966b082cf9a028302ed4184","hash":"49aa65c96a781708ad87b741902dbe753c975949"}
,"D:\\React\\src\\components\\layout\\footer\\footer.jsx": {"path":"D:\\React\\src\\components\\layout\\footer\\footer.jsx","statementMap":{"0":{"start":{"line":7,"column":15},"end":{"line":13,"column":1}},"1":{"start":{"line":8,"column":4},"end":{"line":12,"column":13}}},"fnMap":{"0":{"name":"(anonymous_0)","decl":{"start":{"line":7,"column":15},"end":{"line":7,"column":16}},"loc":{"start":{"line":8,"column":4},"end":{"line":12,"column":13}},"line":8}},"branchMap":{},"s":{"0":2,"1":5},"f":{"0":5},"b":{},"_coverageSchema":"43e27e138ebf9cfc5966b082cf9a028302ed4184","hash":"89ce7e0f27445405c9480834dea3f2686bc6d11c"}
,"D:\\React\\src\\components\\layout\\header\\header.jsx": {"path":"D:\\React\\src\\components\\layout\\header\\header.jsx","statementMap":{"0":{"start":{"line":9,"column":8},"end":{"line":9,"column":21}},"1":{"start":{"line":10,"column":8},"end":{"line":10,"column":24}},"2":{"start":{"line":14,"column":8},"end":{"line":14,"column":40}},"3":{"start":{"line":18,"column":8},"end":{"line":27,"column":10}}},"fnMap":{"0":{"name":"(anonymous_0)","decl":{"start":{"line":8,"column":4},"end":{"line":8,"column":5}},"loc":{"start":{"line":8,"column":24},"end":{"line":11,"column":5}},"line":8},"1":{"name":"(anonymous_1)","decl":{"start":{"line":13,"column":4},"end":{"line":13,"column":5}},"loc":{"start":{"line":13,"column":28},"end":{"line":15,"column":5}},"line":13},"2":{"name":"(anonymous_2)","decl":{"start":{"line":17,"column":4},"end":{"line":17,"column":5}},"loc":{"start":{"line":17,"column":14},"end":{"line":28,"column":5}},"line":17}},"branchMap":{},"s":{"0":5,"1":5,"2":1,"3":5},"f":{"0":5,"1":1,"2":5},"b":{},"_coverageSchema":"43e27e138ebf9cfc5966b082cf9a028302ed4184","hash":"399578c2b4c6a55d7f7fe920d85a754f75f40d9c"}
,"D:\\React\\src\\components\\layout\\main\\main.jsx": {"path":"D:\\React\\src\\components\\layout\\main\\main.jsx","statementMap":{"0":{"start":{"line":9,"column":13},"end":{"line":15,"column":1}},"1":{"start":{"line":10,"column":4},"end":{"line":14,"column":11}}},"fnMap":{"0":{"name":"(anonymous_0)","decl":{"start":{"line":9,"column":13},"end":{"line":9,"column":14}},"loc":{"start":{"line":10,"column":4},"end":{"line":14,"column":11}},"line":10}},"branchMap":{},"s":{"0":2,"1":9},"f":{"0":9},"b":{},"_coverageSchema":"43e27e138ebf9cfc5966b082cf9a028302ed4184","hash":"9d7633a01d8925dfaaee080bbae147754a2082b8"}
,"D:\\React\\src\\components\\movieCard\\movieCard.jsx": {"path":"D:\\React\\src\\components\\movieCard\\movieCard.jsx","statementMap":{"0":{"start":{"line":8,"column":18},"end":{"line":17,"column":1}},"1":{"start":{"line":9,"column":4},"end":{"line":16,"column":14}},"2":{"start":{"line":19,"column":0},"end":{"line":24,"column":2}},"3":{"start":{"line":26,"column":0},"end":{"line":29,"column":2}}},"fnMap":{"0":{"name":"(anonymous_0)","decl":{"start":{"line":8,"column":18},"end":{"line":8,"column":19}},"loc":{"start":{"line":9,"column":4},"end":{"line":16,"column":14}},"line":9}},"branchMap":{},"s":{"0":5,"1":68,"2":5,"3":5},"f":{"0":68},"b":{},"_coverageSchema":"43e27e138ebf9cfc5966b082cf9a028302ed4184","hash":"474d2d0d2b6d8fa15c0251573a77d162133aaf8e"}
,"D:\\React\\src\\components\\movieInfo\\movieInfo.jsx": {"path":"D:\\React\\src\\components\\movieInfo\\movieInfo.jsx","statementMap":{"0":{"start":{"line":8,"column":18},"end":{"line":21,"column":1}},"1":{"start":{"line":9,"column":4},"end":{"line":20,"column":14}},"2":{"start":{"line":23,"column":0},"end":{"line":25,"column":2}}},"fnMap":{"0":{"name":"(anonymous_0)","decl":{"start":{"line":8,"column":18},"end":{"line":8,"column":19}},"loc":{"start":{"line":9,"column":4},"end":{"line":20,"column":14}},"line":9}},"branchMap":{},"s":{"0":4,"1":12,"2":4},"f":{"0":12},"b":{},"_coverageSchema":"43e27e138ebf9cfc5966b082cf9a028302ed4184","hash":"45dc5aeb28c885ed26a7b760a21f55c179e54871"}
,"D:\\React\\src\\components\\movieList\\movieList.jsx": {"path":"D:\\React\\src\\components\\movieList\\movieList.jsx","statementMap":{"0":{"start":{"line":7,"column":18},"end":{"line":20,"column":1}},"1":{"start":{"line":8,"column":4},"end":{"line":19,"column":10}},"2":{"start":{"line":10,"column":12},"end":{"line":17,"column":14}},"3":{"start":{"line":22,"column":0},"end":{"line":24,"column":2}},"4":{"start":{"line":26,"column":0},"end":{"line":28,"column":2}}},"fnMap":{"0":{"name":"(anonymous_0)","decl":{"start":{"line":7,"column":18},"end":{"line":7,"column":19}},"loc":{"start":{"line":8,"column":4},"end":{"line":19,"column":10}},"line":8},"1":{"name":"(anonymous_1)","decl":{"start":{"line":9,"column":20},"end":{"line":9,"column":21}},"loc":{"start":{"line":9,"column":34},"end":{"line":18,"column":9}},"line":9}},"branchMap":{},"s":{"0":4,"1":12,"2":66,"3":4,"4":4},"f":{"0":12,"1":66},"b":{},"_coverageSchema":"43e27e138ebf9cfc5966b082cf9a028302ed4184","hash":"5f9cdf58291599c841e832b48e7863ea0ef7b6a6"}
,"D:\\React\\src\\components\\moviePoster\\moviePoster.jsx": {"path":"D:\\React\\src\\components\\moviePoster\\moviePoster.jsx","statementMap":{"0":{"start":{"line":8,"column":20},"end":{"line":12,"column":1}},"1":{"start":{"line":9,"column":4},"end":{"line":11,"column":10}},"2":{"start":{"line":14,"column":0},"end":{"line":17,"column":2}},"3":{"start":{"line":19,"column":0},"end":{"line":22,"column":2}}},"fnMap":{"0":{"name":"(anonymous_0)","decl":{"start":{"line":8,"column":20},"end":{"line":8,"column":21}},"loc":{"start":{"line":9,"column":4},"end":{"line":11,"column":10}},"line":9}},"branchMap":{},"s":{"0":8,"1":81,"2":8,"3":8},"f":{"0":81},"b":{},"_coverageSchema":"43e27e138ebf9cfc5966b082cf9a028302ed4184","hash":"8c1ad532b9f1df64578e0f09bfc05596ef77cafc"}
,"D:\\React\\src\\components\\noResults\\noResults.jsx": {"path":"D:\\React\\src\\components\\noResults\\noResults.jsx","statementMap":{"0":{"start":{"line":5,"column":18},"end":{"line":7,"column":1}},"1":{"start":{"line":6,"column":4},"end":{"line":6,"column":56}}},"fnMap":{"0":{"name":"(anonymous_0)","decl":{"start":{"line":5,"column":18},"end":{"line":5,"column":19}},"loc":{"start":{"line":6,"column":4},"end":{"line":6,"column":56}},"line":6}},"branchMap":{},"s":{"0":4,"1":12},"f":{"0":12},"b":{},"_coverageSchema":"43e27e138ebf9cfc5966b082cf9a028302ed4184","hash":"abcdf7695e9448091f892d95ea88d37ba31615e4"}
,"D:\\React\\src\\components\\searchForm\\searchForm.jsx": {"path":"D:\\React\\src\\components\\searchForm\\searchForm.jsx","statementMap":{"0":{"start":{"line":12,"column":8},"end":{"line":12,"column":21}},"1":{"start":{"line":13,"column":8},"end":{"line":13,"column":24}},"2":{"start":{"line":17,"column":8},"end":{"line":17,"column":36}},"3":{"start":{"line":21,"column":8},"end":{"line":43,"column":10}}},"fnMap":{"0":{"name":"(anonymous_0)","decl":{"start":{"line":11,"column":4},"end":{"line":11,"column":5}},"loc":{"start":{"line":11,"column":24},"end":{"line":14,"column":5}},"line":11},"1":{"name":"(anonymous_1)","decl":{"start":{"line":16,"column":4},"end":{"line":16,"column":5}},"loc":{"start":{"line":16,"column":25},"end":{"line":18,"column":5}},"line":16},"2":{"name":"(anonymous_2)","decl":{"start":{"line":20,"column":4},"end":{"line":20,"column":5}},"loc":{"start":{"line":20,"column":14},"end":{"line":44,"column":5}},"line":20}},"branchMap":{},"s":{"0":12,"1":12,"2":1,"3":12},"f":{"0":12,"1":1,"2":12},"b":{},"_coverageSchema":"43e27e138ebf9cfc5966b082cf9a028302ed4184","hash":"43eddd822b6acee88d54bac437a963e9823d52b4"}
,"D:\\React\\src\\components\\searchResults\\searchResults.jsx": {"path":"D:\\React\\src\\components\\searchResults\\searchResults.jsx","statementMap":{"0":{"start":{"line":10,"column":8},"end":{"line":10,"column":21}},"1":{"start":{"line":11,"column":8},"end":{"line":11,"column":24}},"2":{"start":{"line":15,"column":8},"end":{"line":63,"column":10}}},"fnMap":{"0":{"name":"(anonymous_0)","decl":{"start":{"line":9,"column":4},"end":{"line":9,"column":5}},"loc":{"start":{"line":9,"column":24},"end":{"line":12,"column":5}},"line":9},"1":{"name":"(anonymous_1)","decl":{"start":{"line":14,"column":4},"end":{"line":14,"column":5}},"loc":{"start":{"line":14,"column":14},"end":{"line":64,"column":5}},"line":14}},"branchMap":{},"s":{"0":12,"1":12,"2":12},"f":{"0":12,"1":12},"b":{},"_coverageSchema":"43e27e138ebf9cfc5966b082cf9a028302ed4184","hash":"95cf885739af89267c2c62ccc09925d26a3e3bd4"}
,"D:\\React\\src\\components\\searchResultsAddInfoPanel\\searchResultsAddInfoPanel.jsx": {"path":"D:\\React\\src\\components\\searchResultsAddInfoPanel\\searchResultsAddInfoPanel.jsx","statementMap":{"0":{"start":{"line":10,"column":8},"end":{"line":10,"column":21}},"1":{"start":{"line":11,"column":8},"end":{"line":11,"column":24}},"2":{"start":{"line":15,"column":8},"end":{"line":44,"column":10}}},"fnMap":{"0":{"name":"(anonymous_0)","decl":{"start":{"line":9,"column":4},"end":{"line":9,"column":5}},"loc":{"start":{"line":9,"column":24},"end":{"line":12,"column":5}},"line":9},"1":{"name":"(anonymous_1)","decl":{"start":{"line":14,"column":4},"end":{"line":14,"column":5}},"loc":{"start":{"line":14,"column":14},"end":{"line":45,"column":5}},"line":14}},"branchMap":{},"s":{"0":9,"1":9,"2":9},"f":{"0":9,"1":9},"b":{},"_coverageSchema":"43e27e138ebf9cfc5966b082cf9a028302ed4184","hash":"ff03743b40daa9cf15e60f85193bc34d3400c527"}
,"D:\\React\\src\\components\\shared\\appLogo\\appLogo.jsx": {"path":"D:\\React\\src\\components\\shared\\appLogo\\appLogo.jsx","statementMap":{"0":{"start":{"line":6,"column":16},"end":{"line":10,"column":1}},"1":{"start":{"line":7,"column":4},"end":{"line":9,"column":8}}},"fnMap":{"0":{"name":"(anonymous_0)","decl":{"start":{"line":6,"column":16},"end":{"line":6,"column":17}},"loc":{"start":{"line":7,"column":4},"end":{"line":9,"column":8}},"line":7}},"branchMap":{},"s":{"0":5,"1":9},"f":{"0":9},"b":{},"_coverageSchema":"43e27e138ebf9cfc5966b082cf9a028302ed4184","hash":"162dd522c9a0b44d7440f0b753ed375111c7911b"}
,"D:\\React\\src\\components\\shared\\button\\button.jsx": {"path":"D:\\React\\src\\components\\shared\\button\\button.jsx","statementMap":{"0":{"start":{"line":5,"column":15},"end":{"line":7,"column":1}},"1":{"start":{"line":6,"column":4},"end":{"line":6,"column":73}},"2":{"start":{"line":9,"column":0},"end":{"line":13,"column":2}}},"fnMap":{"0":{"name":"(anonymous_0)","decl":{"start":{"line":5,"column":15},"end":{"line":5,"column":16}},"loc":{"start":{"line":6,"column":4},"end":{"line":6,"column":73}},"line":6}},"branchMap":{},"s":{"0":7,"1":19,"2":7},"f":{"0":19},"b":{},"_coverageSchema":"43e27e138ebf9cfc5966b082cf9a028302ed4184","hash":"f25665924bfb72069bf109b31fd5401d142b0dd1"}
,"D:\\React\\src\\components\\shared\\input\\input.jsx": {"path":"D:\\React\\src\\components\\shared\\input\\input.jsx","statementMap":{"0":{"start":{"line":5,"column":18},"end":{"line":7,"column":1}},"1":{"start":{"line":6,"column":4},"end":{"line":6,"column":46}},"2":{"start":{"line":9,"column":0},"end":{"line":11,"column":2}}},"fnMap":{"0":{"name":"(anonymous_0)","decl":{"start":{"line":5,"column":18},"end":{"line":5,"column":19}},"loc":{"start":{"line":6,"column":4},"end":{"line":6,"column":46}},"line":6}},"branchMap":{},"s":{"0":5,"1":13,"2":5},"f":{"0":13},"b":{},"_coverageSchema":"43e27e138ebf9cfc5966b082cf9a028302ed4184","hash":"2e96088dfb37d4f7d8a1e31634c55c582ab1dd59"}
,"D:\\React\\src\\components\\shared\\radio\\radio.jsx": {"path":"D:\\React\\src\\components\\shared\\radio\\radio.jsx","statementMap":{"0":{"start":{"line":8,"column":8},"end":{"line":8,"column":21}},"1":{"start":{"line":9,"column":8},"end":{"line":9,"column":24}},"2":{"start":{"line":13,"column":8},"end":{"line":13,"column":61}},"3":{"start":{"line":17,"column":52},"end":{"line":17,"column":62}},"4":{"start":{"line":18,"column":8},"end":{"line":32,"column":10}},"5":{"start":{"line":36,"column":0},"end":{"line":42,"column":2}}},"fnMap":{"0":{"name":"(anonymous_0)","decl":{"start":{"line":7,"column":4},"end":{"line":7,"column":5}},"loc":{"start":{"line":7,"column":24},"end":{"line":10,"column":5}},"line":7},"1":{"name":"(anonymous_1)","decl":{"start":{"line":12,"column":24},"end":{"line":12,"column":25}},"loc":{"start":{"line":12,"column":30},"end":{"line":14,"column":5}},"line":12},"2":{"name":"(anonymous_2)","decl":{"start":{"line":16,"column":4},"end":{"line":16,"column":5}},"loc":{"start":{"line":16,"column":14},"end":{"line":33,"column":5}},"line":16}},"branchMap":{},"s":{"0":48,"1":48,"2":1,"3":48,"4":48,"5":7},"f":{"0":48,"1":1,"2":48},"b":{},"_coverageSchema":"43e27e138ebf9cfc5966b082cf9a028302ed4184","hash":"49a463fb027ea624116b0b37296c3df16ad06274"}
,"D:\\React\\src\\components\\shared\\radioGroup\\radioGroup.jsx": {"path":"D:\\React\\src\\components\\shared\\radioGroup\\radioGroup.jsx","statementMap":{"0":{"start":{"line":9,"column":32},"end":{"line":9,"column":42}},"1":{"start":{"line":10,"column":8},"end":{"line":23,"column":10}},"2":{"start":{"line":15,"column":24},"end":{"line":19,"column":69}},"3":{"start":{"line":27,"column":0},"end":{"line":31,"column":2}}},"fnMap":{"0":{"name":"(anonymous_0)","decl":{"start":{"line":8,"column":4},"end":{"line":8,"column":5}},"loc":{"start":{"line":8,"column":14},"end":{"line":24,"column":5}},"line":8},"1":{"name":"(anonymous_1)","decl":{"start":{"line":14,"column":43},"end":{"line":14,"column":44}},"loc":{"start":{"line":14,"column":57},"end":{"line":20,"column":21}},"line":14}},"branchMap":{},"s":{"0":22,"1":22,"2":44,"3":6},"f":{"0":22,"1":44},"b":{},"_coverageSchema":"43e27e138ebf9cfc5966b082cf9a028302ed4184","hash":"483b6bdd1a59e4ce8f17a1fb2320d7b180542f9f"}
,"D:\\React\\src\\constants\\constants.js": {"path":"D:\\React\\src\\constants\\constants.js","statementMap":{"0":{"start":{"line":1,"column":32},"end":{"line":4,"column":1}},"1":{"start":{"line":7,"column":27},"end":{"line":10,"column":1}},"2":{"start":{"line":12,"column":29},"end":{"line":15,"column":1}}},"fnMap":{},"branchMap":{},"s":{"0":11,"1":11,"2":11},"f":{},"b":{},"_coverageSchema":"43e27e138ebf9cfc5966b082cf9a028302ed4184","hash":"d3cd552a58d8c1500150202f771159a2d2cc542e"}
}
