TN:
SF:D:\React\config\fileMocks.js
FNF:0
FNH:0
DA:1,8
LF:1
LH:1
BRF:0
BRH:0
end_of_record
TN:
SF:D:\React\config\styleMocks.js
FNF:0
FNH:0
DA:1,19
LF:1
LH:1
BRF:0
BRH:0
end_of_record
TN:
SF:D:\React\src\components\app\app.jsx
FN:9,(anonymous_0)
FNF:1
FNH:1
FNDA:5,(anonymous_0)
DA:9,1
DA:10,5
LF:2
LH:2
BRF:0
BRH:0
end_of_record
TN:
SF:D:\React\src\components\errorBoundary\errorBoundary.jsx
FN:10,(anonymous_0)
FN:15,(anonymous_1)
FN:21,(anonymous_2)
FNF:3
FNH:3
FNDA:6,(anonymous_0)
FNDA:1,(anonymous_1)
FNDA:7,(anonymous_2)
DA:11,6
DA:12,6
DA:16,1
DA:22,7
DA:23,1
DA:29,6
LF:6
LH:6
BRDA:22,0,0,1
BRDA:22,0,1,6
BRF:2
BRH:2
end_of_record
TN:
SF:D:\React\src\components\infoPanel\infoPanel.jsx
FN:17,(anonymous_0)
FN:22,(anonymous_1)
FNF:2
FNH:2
FNDA:12,(anonymous_0)
FNDA:12,(anonymous_1)
DA:7,3
DA:18,12
DA:19,12
DA:23,12
LF:4
LH:4
BRF:0
BRH:0
end_of_record
TN:
SF:D:\React\src\components\layout\footer\footer.jsx
FN:7,(anonymous_0)
FNF:1
FNH:1
FNDA:5,(anonymous_0)
DA:7,2
DA:8,5
LF:2
LH:2
BRF:0
BRH:0
end_of_record
TN:
SF:D:\React\src\components\layout\header\header.jsx
FN:8,(anonymous_0)
FN:13,(anonymous_1)
FN:17,(anonymous_2)
FNF:3
FNH:3
FNDA:5,(anonymous_0)
FNDA:1,(anonymous_1)
FNDA:5,(anonymous_2)
DA:9,5
DA:10,5
DA:14,1
DA:18,5
LF:4
LH:4
BRF:0
BRH:0
end_of_record
TN:
SF:D:\React\src\components\layout\main\main.jsx
FN:9,(anonymous_0)
FNF:1
FNH:1
FNDA:9,(anonymous_0)
DA:9,2
DA:10,9
LF:2
LH:2
BRF:0
BRH:0
end_of_record
TN:
SF:D:\React\src\components\movieCard\movieCard.jsx
FN:8,(anonymous_0)
FNF:1
FNH:1
FNDA:68,(anonymous_0)
DA:8,5
DA:9,68
DA:19,5
DA:26,5
LF:4
LH:4
BRF:0
BRH:0
end_of_record
TN:
SF:D:\React\src\components\movieInfo\movieInfo.jsx
FN:8,(anonymous_0)
FNF:1
FNH:1
FNDA:12,(anonymous_0)
DA:8,4
DA:9,12
DA:23,4
LF:3
LH:3
BRF:0
BRH:0
end_of_record
TN:
SF:D:\React\src\components\movieList\movieList.jsx
FN:7,(anonymous_0)
FN:9,(anonymous_1)
FNF:2
FNH:2
FNDA:12,(anonymous_0)
FNDA:66,(anonymous_1)
DA:7,4
DA:8,12
DA:10,66
DA:22,4
DA:26,4
LF:5
LH:5
BRF:0
BRH:0
end_of_record
TN:
SF:D:\React\src\components\moviePoster\moviePoster.jsx
FN:8,(anonymous_0)
FNF:1
FNH:1
FNDA:81,(anonymous_0)
DA:8,8
DA:9,81
DA:14,8
DA:19,8
LF:4
LH:4
BRF:0
BRH:0
end_of_record
TN:
SF:D:\React\src\components\noResults\noResults.jsx
FN:5,(anonymous_0)
FNF:1
FNH:1
FNDA:12,(anonymous_0)
DA:5,4
DA:6,12
LF:2
LH:2
BRF:0
BRH:0
end_of_record
TN:
SF:D:\React\src\components\searchForm\searchForm.jsx
FN:11,(anonymous_0)
FN:16,(anonymous_1)
FN:20,(anonymous_2)
FNF:3
FNH:3
FNDA:12,(anonymous_0)
FNDA:1,(anonymous_1)
FNDA:12,(anonymous_2)
DA:12,12
DA:13,12
DA:17,1
DA:21,12
LF:4
LH:4
BRF:0
BRH:0
end_of_record
TN:
SF:D:\React\src\components\searchResults\searchResults.jsx
FN:9,(anonymous_0)
FN:14,(anonymous_1)
FNF:2
FNH:2
FNDA:12,(anonymous_0)
FNDA:12,(anonymous_1)
DA:10,12
DA:11,12
DA:15,12
LF:3
LH:3
BRF:0
BRH:0
end_of_record
TN:
SF:D:\React\src\components\searchResultsAddInfoPanel\searchResultsAddInfoPanel.jsx
FN:9,(anonymous_0)
FN:14,(anonymous_1)
FNF:2
FNH:2
FNDA:9,(anonymous_0)
FNDA:9,(anonymous_1)
DA:10,9
DA:11,9
DA:15,9
LF:3
LH:3
BRF:0
BRH:0
end_of_record
TN:
SF:D:\React\src\components\shared\appLogo\appLogo.jsx
FN:6,(anonymous_0)
FNF:1
FNH:1
FNDA:9,(anonymous_0)
DA:6,5
DA:7,9
LF:2
LH:2
BRF:0
BRH:0
end_of_record
TN:
SF:D:\React\src\components\shared\button\button.jsx
FN:5,(anonymous_0)
FNF:1
FNH:1
FNDA:19,(anonymous_0)
DA:5,7
DA:6,19
DA:9,7
LF:3
LH:3
BRF:0
BRH:0
end_of_record
TN:
SF:D:\React\src\components\shared\input\input.jsx
FN:5,(anonymous_0)
FNF:1
FNH:1
FNDA:13,(anonymous_0)
DA:5,5
DA:6,13
DA:9,5
LF:3
LH:3
BRF:0
BRH:0
end_of_record
TN:
SF:D:\React\src\components\shared\radio\radio.jsx
FN:7,(anonymous_0)
FN:12,(anonymous_1)
FN:16,(anonymous_2)
FNF:3
FNH:3
FNDA:48,(anonymous_0)
FNDA:1,(anonymous_1)
FNDA:48,(anonymous_2)
DA:8,48
DA:9,48
DA:13,1
DA:17,48
DA:18,48
DA:36,7
LF:6
LH:6
BRF:0
BRH:0
end_of_record
TN:
SF:D:\React\src\components\shared\radioGroup\radioGroup.jsx
FN:8,(anonymous_0)
FN:14,(anonymous_1)
FNF:2
FNH:2
FNDA:22,(anonymous_0)
FNDA:44,(anonymous_1)
DA:9,22
DA:10,22
DA:15,44
DA:27,6
LF:4
LH:4
BRF:0
BRH:0
end_of_record
TN:
SF:D:\React\src\constants\constants.js
FNF:0
FNH:0
DA:1,11
DA:7,11
DA:12,11
LF:3
LH:3
BRF:0
BRH:0
end_of_record
